{"C:\\Users\\Acer\\wd201\\todo-app\\app.js": {"path":"C:\\Users\\Acer\\wd201\\todo-app\\app.js","statementMap":{"0":{"start":{"line":2,"column":16},"end":{"line":2,"column":34}},"1":{"start":{"line":3,"column":12},"end":{"line":3,"column":21}},"2":{"start":{"line":4,"column":23},"end":{"line":4,"column":42}},"3":{"start":{"line":5,"column":11},"end":{"line":5,"column":31}},"4":{"start":{"line":6,"column":19},"end":{"line":6,"column":41}},"5":{"start":{"line":7,"column":19},"end":{"line":7,"column":43}},"6":{"start":{"line":8,"column":13},"end":{"line":8,"column":28}},"7":{"start":{"line":9,"column":17},"end":{"line":9,"column":36}},"8":{"start":{"line":10,"column":27},"end":{"line":10,"column":58}},"9":{"start":{"line":11,"column":16},"end":{"line":11,"column":42}},"10":{"start":{"line":12,"column":22},"end":{"line":12,"column":47}},"11":{"start":{"line":13,"column":15},"end":{"line":13,"column":32}},"12":{"start":{"line":14,"column":14},"end":{"line":14,"column":38}},"13":{"start":{"line":15,"column":19},"end":{"line":15,"column":21}},"14":{"start":{"line":16,"column":0},"end":{"line":16,"column":30}},"15":{"start":{"line":17,"column":0},"end":{"line":17,"column":56}},"16":{"start":{"line":18,"column":0},"end":{"line":18,"column":48}},"17":{"start":{"line":19,"column":0},"end":{"line":19,"column":49}},"18":{"start":{"line":20,"column":0},"end":{"line":20,"column":27}},"19":{"start":{"line":21,"column":0},"end":{"line":21,"column":49}},"20":{"start":{"line":22,"column":0},"end":{"line":22,"column":77}},"21":{"start":{"line":23,"column":0},"end":{"line":23,"column":17}},"22":{"start":{"line":25,"column":0},"end":{"line":30,"column":4}},"23":{"start":{"line":31,"column":0},"end":{"line":31,"column":31}},"24":{"start":{"line":32,"column":0},"end":{"line":32,"column":28}},"25":{"start":{"line":33,"column":0},"end":{"line":36,"column":3}},"26":{"start":{"line":34,"column":2},"end":{"line":34,"column":45}},"27":{"start":{"line":35,"column":2},"end":{"line":35,"column":9}},"28":{"start":{"line":38,"column":0},"end":{"line":61,"column":3}},"29":{"start":{"line":44,"column":4},"end":{"line":59,"column":7}},"30":{"start":{"line":46,"column":6},"end":{"line":55,"column":7}},"31":{"start":{"line":47,"column":30},"end":{"line":47,"column":75}},"32":{"start":{"line":48,"column":8},"end":{"line":52,"column":9}},"33":{"start":{"line":49,"column":10},"end":{"line":49,"column":34}},"34":{"start":{"line":51,"column":10},"end":{"line":51,"column":68}},"35":{"start":{"line":54,"column":8},"end":{"line":54,"column":69}},"36":{"start":{"line":58,"column":6},"end":{"line":58,"column":25}},"37":{"start":{"line":63,"column":0},"end":{"line":66,"column":3}},"38":{"start":{"line":64,"column":2},"end":{"line":64,"column":56}},"39":{"start":{"line":65,"column":2},"end":{"line":65,"column":22}},"40":{"start":{"line":68,"column":0},"end":{"line":76,"column":3}},"41":{"start":{"line":69,"column":2},"end":{"line":75,"column":7}},"42":{"start":{"line":71,"column":6},"end":{"line":71,"column":23}},"43":{"start":{"line":74,"column":6},"end":{"line":74,"column":24}},"44":{"start":{"line":79,"column":0},"end":{"line":90,"column":3}},"45":{"start":{"line":80,"column":2},"end":{"line":88,"column":3}},"46":{"start":{"line":81,"column":4},"end":{"line":81,"column":32}},"47":{"start":{"line":84,"column":4},"end":{"line":87,"column":7}},"48":{"start":{"line":92,"column":0},"end":{"line":114,"column":2}},"49":{"start":{"line":93,"column":25},"end":{"line":93,"column":40}},"50":{"start":{"line":94,"column":21},"end":{"line":94,"column":54}},"51":{"start":{"line":95,"column":20},"end":{"line":95,"column":52}},"52":{"start":{"line":96,"column":21},"end":{"line":96,"column":54}},"53":{"start":{"line":97,"column":21},"end":{"line":97,"column":54}},"54":{"start":{"line":98,"column":27},"end":{"line":98,"column":66}},"55":{"start":{"line":100,"column":4},"end":{"line":112,"column":5}},"56":{"start":{"line":101,"column":6},"end":{"line":109,"column":9}},"57":{"start":{"line":111,"column":6},"end":{"line":111,"column":69}},"58":{"start":{"line":116,"column":0},"end":{"line":121,"column":3}},"59":{"start":{"line":117,"column":2},"end":{"line":120,"column":5}},"60":{"start":{"line":123,"column":0},"end":{"line":167,"column":3}},"61":{"start":{"line":124,"column":51},"end":{"line":124,"column":63}},"62":{"start":{"line":125,"column":2},"end":{"line":129,"column":3}},"63":{"start":{"line":126,"column":4},"end":{"line":126,"column":54}},"64":{"start":{"line":127,"column":4},"end":{"line":127,"column":40}},"65":{"start":{"line":131,"column":2},"end":{"line":135,"column":3}},"66":{"start":{"line":132,"column":4},"end":{"line":132,"column":58}},"67":{"start":{"line":133,"column":4},"end":{"line":133,"column":40}},"68":{"start":{"line":137,"column":2},"end":{"line":141,"column":3}},"69":{"start":{"line":138,"column":4},"end":{"line":138,"column":57}},"70":{"start":{"line":139,"column":4},"end":{"line":139,"column":40}},"71":{"start":{"line":143,"column":2},"end":{"line":147,"column":3}},"72":{"start":{"line":144,"column":4},"end":{"line":144,"column":69}},"73":{"start":{"line":145,"column":4},"end":{"line":145,"column":40}},"74":{"start":{"line":149,"column":20},"end":{"line":149,"column":72}},"75":{"start":{"line":151,"column":2},"end":{"line":166,"column":3}},"76":{"start":{"line":152,"column":17},"end":{"line":157,"column":6}},"77":{"start":{"line":158,"column":4},"end":{"line":163,"column":7}},"78":{"start":{"line":159,"column":6},"end":{"line":161,"column":7}},"79":{"start":{"line":160,"column":8},"end":{"line":160,"column":25}},"80":{"start":{"line":162,"column":6},"end":{"line":162,"column":34}},"81":{"start":{"line":165,"column":4},"end":{"line":165,"column":23}},"82":{"start":{"line":169,"column":0},"end":{"line":171,"column":3}},"83":{"start":{"line":170,"column":2},"end":{"line":170,"column":78}},"84":{"start":{"line":173,"column":0},"end":{"line":176,"column":3}},"85":{"start":{"line":174,"column":2},"end":{"line":174,"column":27}},"86":{"start":{"line":175,"column":1},"end":{"line":175,"column":29}},"87":{"start":{"line":178,"column":0},"end":{"line":185,"column":3}},"88":{"start":{"line":179,"column":2},"end":{"line":184,"column":5}},"89":{"start":{"line":180,"column":4},"end":{"line":182,"column":5}},"90":{"start":{"line":181,"column":6},"end":{"line":181,"column":23}},"91":{"start":{"line":183,"column":4},"end":{"line":183,"column":27}},"92":{"start":{"line":187,"column":0},"end":{"line":210,"column":2}},"93":{"start":{"line":188,"column":31},"end":{"line":188,"column":43}},"94":{"start":{"line":189,"column":4},"end":{"line":192,"column":5}},"95":{"start":{"line":190,"column":6},"end":{"line":190,"column":55}},"96":{"start":{"line":191,"column":6},"end":{"line":191,"column":41}},"97":{"start":{"line":193,"column":4},"end":{"line":196,"column":5}},"98":{"start":{"line":194,"column":6},"end":{"line":194,"column":58}},"99":{"start":{"line":195,"column":6},"end":{"line":195,"column":41}},"100":{"start":{"line":197,"column":4},"end":{"line":197,"column":52}},"101":{"start":{"line":198,"column":4},"end":{"line":208,"column":5}},"102":{"start":{"line":199,"column":6},"end":{"line":203,"column":9}},"103":{"start":{"line":204,"column":6},"end":{"line":204,"column":41}},"104":{"start":{"line":206,"column":6},"end":{"line":206,"column":25}},"105":{"start":{"line":207,"column":6},"end":{"line":207,"column":46}},"106":{"start":{"line":213,"column":0},"end":{"line":221,"column":3}},"107":{"start":{"line":214,"column":2},"end":{"line":220,"column":3}},"108":{"start":{"line":215,"column":17},"end":{"line":215,"column":55}},"109":{"start":{"line":216,"column":4},"end":{"line":216,"column":31}},"110":{"start":{"line":218,"column":4},"end":{"line":218,"column":23}},"111":{"start":{"line":219,"column":4},"end":{"line":219,"column":44}},"112":{"start":{"line":223,"column":0},"end":{"line":233,"column":3}},"113":{"start":{"line":224,"column":2},"end":{"line":224,"column":71}},"114":{"start":{"line":225,"column":15},"end":{"line":225,"column":53}},"115":{"start":{"line":226,"column":2},"end":{"line":232,"column":3}},"116":{"start":{"line":227,"column":23},"end":{"line":227,"column":77}},"117":{"start":{"line":228,"column":4},"end":{"line":228,"column":37}},"118":{"start":{"line":230,"column":4},"end":{"line":230,"column":23}},"119":{"start":{"line":231,"column":4},"end":{"line":231,"column":44}},"120":{"start":{"line":235,"column":0},"end":{"line":243,"column":3}},"121":{"start":{"line":236,"column":23},"end":{"line":236,"column":38}},"122":{"start":{"line":237,"column":2},"end":{"line":242,"column":3}},"123":{"start":{"line":238,"column":4},"end":{"line":238,"column":55}},"124":{"start":{"line":239,"column":4},"end":{"line":239,"column":44}},"125":{"start":{"line":241,"column":4},"end":{"line":241,"column":44}},"126":{"start":{"line":245,"column":0},"end":{"line":245,"column":21}}},"fnMap":{"0":{"name":"(anonymous_0)","decl":{"start":{"line":33,"column":8},"end":{"line":33,"column":9}},"loc":{"start":{"line":33,"column":43},"end":{"line":36,"column":1}},"line":33},"1":{"name":"(anonymous_1)","decl":{"start":{"line":43,"column":2},"end":{"line":43,"column":3}},"loc":{"start":{"line":43,"column":37},"end":{"line":60,"column":3}},"line":43},"2":{"name":"(anonymous_2)","decl":{"start":{"line":45,"column":10},"end":{"line":45,"column":11}},"loc":{"start":{"line":45,"column":32},"end":{"line":56,"column":5}},"line":45},"3":{"name":"(anonymous_3)","decl":{"start":{"line":57,"column":11},"end":{"line":57,"column":12}},"loc":{"start":{"line":57,"column":22},"end":{"line":59,"column":5}},"line":57},"4":{"name":"(anonymous_4)","decl":{"start":{"line":63,"column":23},"end":{"line":63,"column":24}},"loc":{"start":{"line":63,"column":39},"end":{"line":66,"column":1}},"line":63},"5":{"name":"(anonymous_5)","decl":{"start":{"line":68,"column":25},"end":{"line":68,"column":26}},"loc":{"start":{"line":68,"column":39},"end":{"line":76,"column":1}},"line":68},"6":{"name":"(anonymous_6)","decl":{"start":{"line":70,"column":10},"end":{"line":70,"column":11}},"loc":{"start":{"line":70,"column":20},"end":{"line":72,"column":5}},"line":70},"7":{"name":"(anonymous_7)","decl":{"start":{"line":73,"column":11},"end":{"line":73,"column":12}},"loc":{"start":{"line":73,"column":22},"end":{"line":75,"column":5}},"line":73},"8":{"name":"(anonymous_8)","decl":{"start":{"line":79,"column":13},"end":{"line":79,"column":14}},"loc":{"start":{"line":79,"column":42},"end":{"line":90,"column":1}},"line":79},"9":{"name":"(anonymous_9)","decl":{"start":{"line":92,"column":55},"end":{"line":92,"column":56}},"loc":{"start":{"line":92,"column":84},"end":{"line":113,"column":3}},"line":92},"10":{"name":"(anonymous_10)","decl":{"start":{"line":116,"column":19},"end":{"line":116,"column":20}},"loc":{"start":{"line":116,"column":42},"end":{"line":121,"column":1}},"line":116},"11":{"name":"(anonymous_11)","decl":{"start":{"line":123,"column":19},"end":{"line":123,"column":20}},"loc":{"start":{"line":123,"column":48},"end":{"line":167,"column":1}},"line":123},"12":{"name":"(anonymous_12)","decl":{"start":{"line":158,"column":24},"end":{"line":158,"column":25}},"loc":{"start":{"line":158,"column":33},"end":{"line":163,"column":5}},"line":158},"13":{"name":"(anonymous_13)","decl":{"start":{"line":169,"column":18},"end":{"line":169,"column":19}},"loc":{"start":{"line":169,"column":40},"end":{"line":171,"column":1}},"line":169},"14":{"name":"(anonymous_14)","decl":{"start":{"line":173,"column":105},"end":{"line":173,"column":106}},"loc":{"start":{"line":173,"column":133},"end":{"line":176,"column":1}},"line":173},"15":{"name":"(anonymous_15)","decl":{"start":{"line":178,"column":20},"end":{"line":178,"column":21}},"loc":{"start":{"line":178,"column":43},"end":{"line":185,"column":1}},"line":178},"16":{"name":"(anonymous_16)","decl":{"start":{"line":179,"column":17},"end":{"line":179,"column":18}},"loc":{"start":{"line":179,"column":26},"end":{"line":184,"column":3}},"line":179},"17":{"name":"(anonymous_17)","decl":{"start":{"line":187,"column":54},"end":{"line":187,"column":55}},"loc":{"start":{"line":187,"column":83},"end":{"line":209,"column":3}},"line":187},"18":{"name":"(anonymous_18)","decl":{"start":{"line":213,"column":58},"end":{"line":213,"column":59}},"loc":{"start":{"line":213,"column":93},"end":{"line":221,"column":1}},"line":213},"19":{"name":"(anonymous_19)","decl":{"start":{"line":223,"column":58},"end":{"line":223,"column":59}},"loc":{"start":{"line":223,"column":87},"end":{"line":233,"column":1}},"line":223},"20":{"name":"(anonymous_20)","decl":{"start":{"line":235,"column":62},"end":{"line":235,"column":63}},"loc":{"start":{"line":235,"column":91},"end":{"line":243,"column":1}},"line":235}},"branchMap":{"0":{"loc":{"start":{"line":46,"column":6},"end":{"line":55,"column":7}},"type":"if","locations":[{"start":{"line":46,"column":6},"end":{"line":55,"column":7}},{"start":{"line":53,"column":13},"end":{"line":55,"column":7}}],"line":46},"1":{"loc":{"start":{"line":48,"column":8},"end":{"line":52,"column":9}},"type":"if","locations":[{"start":{"line":48,"column":8},"end":{"line":52,"column":9}},{"start":{"line":50,"column":15},"end":{"line":52,"column":9}}],"line":48},"2":{"loc":{"start":{"line":80,"column":2},"end":{"line":88,"column":3}},"type":"if","locations":[{"start":{"line":80,"column":2},"end":{"line":88,"column":3}},{"start":{"line":82,"column":9},"end":{"line":88,"column":3}}],"line":80},"3":{"loc":{"start":{"line":100,"column":4},"end":{"line":112,"column":5}},"type":"if","locations":[{"start":{"line":100,"column":4},"end":{"line":112,"column":5}},{"start":{"line":110,"column":11},"end":{"line":112,"column":5}}],"line":100},"4":{"loc":{"start":{"line":125,"column":2},"end":{"line":129,"column":3}},"type":"if","locations":[{"start":{"line":125,"column":2},"end":{"line":129,"column":3}},{"start":{},"end":{}}],"line":125},"5":{"loc":{"start":{"line":131,"column":2},"end":{"line":135,"column":3}},"type":"if","locations":[{"start":{"line":131,"column":2},"end":{"line":135,"column":3}},{"start":{},"end":{}}],"line":131},"6":{"loc":{"start":{"line":137,"column":2},"end":{"line":141,"column":3}},"type":"if","locations":[{"start":{"line":137,"column":2},"end":{"line":141,"column":3}},{"start":{},"end":{}}],"line":137},"7":{"loc":{"start":{"line":143,"column":2},"end":{"line":147,"column":3}},"type":"if","locations":[{"start":{"line":143,"column":2},"end":{"line":147,"column":3}},{"start":{},"end":{}}],"line":143},"8":{"loc":{"start":{"line":159,"column":6},"end":{"line":161,"column":7}},"type":"if","locations":[{"start":{"line":159,"column":6},"end":{"line":161,"column":7}},{"start":{},"end":{}}],"line":159},"9":{"loc":{"start":{"line":180,"column":4},"end":{"line":182,"column":5}},"type":"if","locations":[{"start":{"line":180,"column":4},"end":{"line":182,"column":5}},{"start":{},"end":{}}],"line":180},"10":{"loc":{"start":{"line":189,"column":4},"end":{"line":192,"column":5}},"type":"if","locations":[{"start":{"line":189,"column":4},"end":{"line":192,"column":5}},{"start":{},"end":{}}],"line":189},"11":{"loc":{"start":{"line":193,"column":4},"end":{"line":196,"column":5}},"type":"if","locations":[{"start":{"line":193,"column":4},"end":{"line":196,"column":5}},{"start":{},"end":{}}],"line":193}},"s":{"0":1,"1":1,"2":1,"3":1,"4":1,"5":1,"6":1,"7":1,"8":1,"9":1,"10":1,"11":1,"12":1,"13":1,"14":1,"15":1,"16":1,"17":1,"18":1,"19":1,"20":1,"21":1,"22":1,"23":1,"24":1,"25":1,"26":12,"27":12,"28":1,"29":0,"30":0,"31":0,"32":0,"33":0,"34":0,"35":0,"36":0,"37":1,"38":1,"39":1,"40":1,"41":1,"42":1,"43":0,"44":1,"45":0,"46":0,"47":0,"48":1,"49":0,"50":0,"51":0,"52":0,"53":0,"54":0,"55":0,"56":0,"57":0,"58":1,"59":1,"60":1,"61":1,"62":1,"63":0,"64":0,"65":1,"66":0,"67":0,"68":1,"69":0,"70":0,"71":1,"72":0,"73":0,"74":1,"75":1,"76":1,"77":1,"78":1,"79":0,"80":1,"81":0,"82":1,"83":0,"84":1,"85":0,"86":0,"87":1,"88":1,"89":1,"90":0,"91":1,"92":1,"93":0,"94":0,"95":0,"96":0,"97":0,"98":0,"99":0,"100":0,"101":0,"102":0,"103":0,"104":0,"105":0,"106":1,"107":0,"108":0,"109":0,"110":0,"111":0,"112":1,"113":0,"114":0,"115":0,"116":0,"117":0,"118":0,"119":0,"120":1,"121":0,"122":0,"123":0,"124":0,"125":0,"126":1},"f":{"0":12,"1":0,"2":0,"3":0,"4":1,"5":1,"6":1,"7":0,"8":0,"9":0,"10":1,"11":1,"12":1,"13":0,"14":0,"15":1,"16":1,"17":0,"18":0,"19":0,"20":0},"b":{"0":[0,0],"1":[0,0],"2":[0,0],"3":[0,0],"4":[0,1],"5":[0,1],"6":[0,1],"7":[0,1],"8":[0,1],"9":[0,1],"10":[0,0],"11":[0,0]},"_coverageSchema":"1a1c01bbd47fc00a2c39e90264f33305004495a9","hash":"5f063d94c953f519e513ab085d1c4dcfacd38271"}
,"C:\\Users\\Acer\\wd201\\todo-app\\models\\index.js": {"path":"C:\\Users\\Acer\\wd201\\todo-app\\models\\index.js","statementMap":{"0":{"start":{"line":4,"column":11},"end":{"line":4,"column":24}},"1":{"start":{"line":5,"column":13},"end":{"line":5,"column":28}},"2":{"start":{"line":6,"column":18},"end":{"line":6,"column":38}},"3":{"start":{"line":7,"column":16},"end":{"line":7,"column":34}},"4":{"start":{"line":8,"column":17},"end":{"line":8,"column":42}},"5":{"start":{"line":9,"column":12},"end":{"line":9,"column":49}},"6":{"start":{"line":10,"column":15},"end":{"line":10,"column":65}},"7":{"start":{"line":11,"column":11},"end":{"line":11,"column":13}},"8":{"start":{"line":14,"column":0},"end":{"line":23,"column":1}},"9":{"start":{"line":15,"column":2},"end":{"line":15,"column":74}},"10":{"start":{"line":17,"column":2},"end":{"line":22,"column":4}},"11":{"start":{"line":25,"column":0},"end":{"line":40,"column":5}},"12":{"start":{"line":27,"column":4},"end":{"line":32,"column":6}},"13":{"start":{"line":35,"column":18},"end":{"line":38,"column":5}},"14":{"start":{"line":39,"column":4},"end":{"line":39,"column":27}},"15":{"start":{"line":42,"column":0},"end":{"line":46,"column":3}},"16":{"start":{"line":43,"column":2},"end":{"line":45,"column":3}},"17":{"start":{"line":44,"column":4},"end":{"line":44,"column":32}},"18":{"start":{"line":48,"column":0},"end":{"line":48,"column":25}},"19":{"start":{"line":49,"column":0},"end":{"line":49,"column":25}},"20":{"start":{"line":51,"column":0},"end":{"line":51,"column":20}}},"fnMap":{"0":{"name":"(anonymous_0)","decl":{"start":{"line":26,"column":10},"end":{"line":26,"column":11}},"loc":{"start":{"line":26,"column":20},"end":{"line":33,"column":3}},"line":26},"1":{"name":"(anonymous_1)","decl":{"start":{"line":34,"column":11},"end":{"line":34,"column":12}},"loc":{"start":{"line":34,"column":21},"end":{"line":40,"column":3}},"line":34},"2":{"name":"(anonymous_2)","decl":{"start":{"line":42,"column":24},"end":{"line":42,"column":25}},"loc":{"start":{"line":42,"column":39},"end":{"line":46,"column":1}},"line":42}},"branchMap":{"0":{"loc":{"start":{"line":9,"column":12},"end":{"line":9,"column":49}},"type":"binary-expr","locations":[{"start":{"line":9,"column":12},"end":{"line":9,"column":32}},{"start":{"line":9,"column":36},"end":{"line":9,"column":49}}],"line":9},"1":{"loc":{"start":{"line":14,"column":0},"end":{"line":23,"column":1}},"type":"if","locations":[{"start":{"line":14,"column":0},"end":{"line":23,"column":1}},{"start":{"line":16,"column":7},"end":{"line":23,"column":1}}],"line":14},"2":{"loc":{"start":{"line":28,"column":6},"end":{"line":31,"column":37}},"type":"binary-expr","locations":[{"start":{"line":28,"column":6},"end":{"line":28,"column":29}},{"start":{"line":29,"column":6},"end":{"line":29,"column":23}},{"start":{"line":30,"column":6},"end":{"line":30,"column":30}},{"start":{"line":31,"column":6},"end":{"line":31,"column":37}}],"line":28},"3":{"loc":{"start":{"line":43,"column":2},"end":{"line":45,"column":3}},"type":"if","locations":[{"start":{"line":43,"column":2},"end":{"line":45,"column":3}},{"start":{},"end":{}}],"line":43}},"s":{"0":1,"1":1,"2":1,"3":1,"4":1,"5":1,"6":1,"7":1,"8":1,"9":0,"10":1,"11":1,"12":3,"13":2,"14":2,"15":1,"16":2,"17":2,"18":1,"19":1,"20":1},"f":{"0":3,"1":2,"2":2},"b":{"0":[1,0],"1":[0,1],"2":[3,3,2,2],"3":[2,0]},"_coverageSchema":"1a1c01bbd47fc00a2c39e90264f33305004495a9","hash":"53a4099e35ee971c5c7d05d7e075a8ef98e7bf8c"}
,"C:\\Users\\Acer\\wd201\\todo-app\\models\\todo.js": {"path":"C:\\Users\\Acer\\wd201\\todo-app\\models\\todo.js","statementMap":{"0":{"start":{"line":4,"column":22},"end":{"line":4,"column":42}},"1":{"start":{"line":5,"column":0},"end":{"line":116,"column":2}},"2":{"start":{"line":14,"column":6},"end":{"line":17,"column":9}},"3":{"start":{"line":21,"column":6},"end":{"line":26,"column":9}},"4":{"start":{"line":30,"column":6},"end":{"line":30,"column":28}},"5":{"start":{"line":34,"column":6},"end":{"line":43,"column":7}},"6":{"start":{"line":35,"column":8},"end":{"line":35,"column":50}},"7":{"start":{"line":37,"column":8},"end":{"line":42,"column":11}},"8":{"start":{"line":47,"column":6},"end":{"line":47,"column":46}},"9":{"start":{"line":51,"column":6},"end":{"line":57,"column":9}},"10":{"start":{"line":61,"column":6},"end":{"line":61,"column":46}},"11":{"start":{"line":65,"column":6},"end":{"line":74,"column":9}},"12":{"start":{"line":78,"column":6},"end":{"line":87,"column":9}},"13":{"start":{"line":91,"column":6},"end":{"line":100,"column":9}},"14":{"start":{"line":104,"column":2},"end":{"line":114,"column":4}},"15":{"start":{"line":115,"column":2},"end":{"line":115,"column":14}}},"fnMap":{"0":{"name":"(anonymous_0)","decl":{"start":{"line":5,"column":17},"end":{"line":5,"column":18}},"loc":{"start":{"line":5,"column":43},"end":{"line":116,"column":1}},"line":5},"1":{"name":"(anonymous_1)","decl":{"start":{"line":12,"column":4},"end":{"line":12,"column":5}},"loc":{"start":{"line":12,"column":29},"end":{"line":18,"column":5}},"line":12},"2":{"name":"(anonymous_2)","decl":{"start":{"line":20,"column":4},"end":{"line":20,"column":5}},"loc":{"start":{"line":20,"column":36},"end":{"line":27,"column":5}},"line":20},"3":{"name":"(anonymous_3)","decl":{"start":{"line":29,"column":4},"end":{"line":29,"column":5}},"loc":{"start":{"line":29,"column":22},"end":{"line":31,"column":5}},"line":29},"4":{"name":"(anonymous_4)","decl":{"start":{"line":33,"column":4},"end":{"line":33,"column":5}},"loc":{"start":{"line":33,"column":47},"end":{"line":44,"column":5}},"line":33},"5":{"name":"(anonymous_5)","decl":{"start":{"line":46,"column":4},"end":{"line":46,"column":5}},"loc":{"start":{"line":46,"column":22},"end":{"line":48,"column":5}},"line":46},"6":{"name":"(anonymous_6)","decl":{"start":{"line":50,"column":4},"end":{"line":50,"column":5}},"loc":{"start":{"line":50,"column":34},"end":{"line":58,"column":5}},"line":50},"7":{"name":"(anonymous_7)","decl":{"start":{"line":60,"column":4},"end":{"line":60,"column":5}},"loc":{"start":{"line":60,"column":30},"end":{"line":62,"column":5}},"line":60},"8":{"name":"(anonymous_8)","decl":{"start":{"line":64,"column":4},"end":{"line":64,"column":5}},"loc":{"start":{"line":64,"column":27},"end":{"line":75,"column":5}},"line":64},"9":{"name":"(anonymous_9)","decl":{"start":{"line":77,"column":4},"end":{"line":77,"column":5}},"loc":{"start":{"line":77,"column":28},"end":{"line":88,"column":5}},"line":77},"10":{"name":"(anonymous_10)","decl":{"start":{"line":90,"column":4},"end":{"line":90,"column":5}},"loc":{"start":{"line":90,"column":28},"end":{"line":101,"column":5}},"line":90}},"branchMap":{"0":{"loc":{"start":{"line":34,"column":6},"end":{"line":43,"column":7}},"type":"if","locations":[{"start":{"line":34,"column":6},"end":{"line":43,"column":7}},{"start":{"line":36,"column":13},"end":{"line":43,"column":7}}],"line":34},"1":{"loc":{"start":{"line":34,"column":10},"end":{"line":34,"column":28}},"type":"binary-expr","locations":[{"start":{"line":34,"column":10},"end":{"line":34,"column":16}},{"start":{"line":34,"column":20},"end":{"line":34,"column":28}}],"line":34}},"s":{"0":1,"1":1,"2":1,"3":0,"4":0,"5":0,"6":0,"7":0,"8":0,"9":0,"10":0,"11":0,"12":0,"13":0,"14":1,"15":1},"f":{"0":1,"1":1,"2":0,"3":0,"4":0,"5":0,"6":0,"7":0,"8":0,"9":0,"10":0},"b":{"0":[0,0],"1":[0,0]},"_coverageSchema":"1a1c01bbd47fc00a2c39e90264f33305004495a9","hash":"0f96656bb2d5b17d96520c16729a0703a90460b2"}
,"C:\\Users\\Acer\\wd201\\todo-app\\models\\user.js": {"path":"C:\\Users\\Acer\\wd201\\todo-app\\models\\user.js","statementMap":{"0":{"start":{"line":3,"column":18},"end":{"line":3,"column":38}},"1":{"start":{"line":4,"column":0},"end":{"line":34,"column":2}},"2":{"start":{"line":13,"column":6},"end":{"line":15,"column":9}},"3":{"start":{"line":18,"column":2},"end":{"line":29,"column":4}},"4":{"start":{"line":30,"column":2},"end":{"line":30,"column":14}}},"fnMap":{"0":{"name":"(anonymous_0)","decl":{"start":{"line":4,"column":17},"end":{"line":4,"column":18}},"loc":{"start":{"line":4,"column":43},"end":{"line":34,"column":1}},"line":4},"1":{"name":"(anonymous_1)","decl":{"start":{"line":11,"column":4},"end":{"line":11,"column":5}},"loc":{"start":{"line":11,"column":29},"end":{"line":16,"column":5}},"line":11}},"branchMap":{},"s":{"0":1,"1":1,"2":1,"3":1,"4":1},"f":{"0":1,"1":1},"b":{},"_coverageSchema":"1a1c01bbd47fc00a2c39e90264f33305004495a9","hash":"d6c76a226f812ee98e94beeebd1c6ad3719bf99c"}
}
