TN:
SF:app.js
FN:33,(anonymous_0)
FN:43,(anonymous_1)
FN:45,(anonymous_2)
FN:57,(anonymous_3)
FN:63,(anonymous_4)
FN:68,(anonymous_5)
FN:70,(anonymous_6)
FN:73,(anonymous_7)
FN:79,(anonymous_8)
FN:92,(anonymous_9)
FN:116,(anonymous_10)
FN:123,(anonymous_11)
FN:158,(anonymous_12)
FN:169,(anonymous_13)
FN:173,(anonymous_14)
FN:178,(anonymous_15)
FN:179,(anonymous_16)
FN:187,(anonymous_17)
FN:213,(anonymous_18)
FN:223,(anonymous_19)
FN:235,(anonymous_20)
FNF:21
FNH:9
FNDA:12,(anonymous_0)
FNDA:0,(anonymous_1)
FNDA:0,(anonymous_2)
FNDA:0,(anonymous_3)
FNDA:1,(anonymous_4)
FNDA:1,(anonymous_5)
FNDA:1,(anonymous_6)
FNDA:0,(anonymous_7)
FNDA:0,(anonymous_8)
FNDA:0,(anonymous_9)
FNDA:1,(anonymous_10)
FNDA:1,(anonymous_11)
FNDA:1,(anonymous_12)
FNDA:0,(anonymous_13)
FNDA:0,(anonymous_14)
FNDA:1,(anonymous_15)
FNDA:1,(anonymous_16)
FNDA:0,(anonymous_17)
FNDA:0,(anonymous_18)
FNDA:0,(anonymous_19)
FNDA:0,(anonymous_20)
DA:2,1
DA:3,1
DA:4,1
DA:5,1
DA:6,1
DA:7,1
DA:8,1
DA:9,1
DA:10,1
DA:11,1
DA:12,1
DA:13,1
DA:14,1
DA:15,1
DA:16,1
DA:17,1
DA:18,1
DA:19,1
DA:20,1
DA:21,1
DA:22,1
DA:23,1
DA:25,1
DA:31,1
DA:32,1
DA:33,1
DA:34,12
DA:35,12
DA:38,1
DA:44,0
DA:46,0
DA:47,0
DA:48,0
DA:49,0
DA:51,0
DA:54,0
DA:58,0
DA:63,1
DA:64,1
DA:65,1
DA:68,1
DA:69,1
DA:71,1
DA:74,0
DA:79,1
DA:80,0
DA:81,0
DA:84,0
DA:92,1
DA:93,0
DA:94,0
DA:95,0
DA:96,0
DA:97,0
DA:98,0
DA:100,0
DA:101,0
DA:111,0
DA:116,1
DA:117,1
DA:123,1
DA:124,1
DA:125,1
DA:126,0
DA:127,0
DA:131,1
DA:132,0
DA:133,0
DA:137,1
DA:138,0
DA:139,0
DA:143,1
DA:144,0
DA:145,0
DA:149,1
DA:151,1
DA:152,1
DA:158,1
DA:159,1
DA:160,0
DA:162,1
DA:165,0
DA:169,1
DA:170,0
DA:173,1
DA:174,0
DA:175,0
DA:178,1
DA:179,1
DA:180,1
DA:181,0
DA:183,1
DA:187,1
DA:188,0
DA:189,0
DA:190,0
DA:191,0
DA:193,0
DA:194,0
DA:195,0
DA:197,0
DA:198,0
DA:199,0
DA:204,0
DA:206,0
DA:207,0
DA:213,1
DA:214,0
DA:215,0
DA:216,0
DA:218,0
DA:219,0
DA:223,1
DA:224,0
DA:225,0
DA:226,0
DA:227,0
DA:228,0
DA:230,0
DA:231,0
DA:235,1
DA:236,0
DA:237,0
DA:238,0
DA:239,0
DA:241,0
DA:245,1
LF:127
LH:62
BRDA:46,0,0,0
BRDA:46,0,1,0
BRDA:48,1,0,0
BRDA:48,1,1,0
BRDA:80,2,0,0
BRDA:80,2,1,0
BRDA:100,3,0,0
BRDA:100,3,1,0
BRDA:125,4,0,0
BRDA:125,4,1,1
BRDA:131,5,0,0
BRDA:131,5,1,1
BRDA:137,6,0,0
BRDA:137,6,1,1
BRDA:143,7,0,0
BRDA:143,7,1,1
BRDA:159,8,0,0
BRDA:159,8,1,1
BRDA:180,9,0,0
BRDA:180,9,1,1
BRDA:189,10,0,0
BRDA:189,10,1,0
BRDA:193,11,0,0
BRDA:193,11,1,0
BRF:24
BRH:6
end_of_record
TN:
SF:models\index.js
FN:26,(anonymous_0)
FN:34,(anonymous_1)
FN:42,(anonymous_2)
FNF:3
FNH:3
FNDA:3,(anonymous_0)
FNDA:2,(anonymous_1)
FNDA:2,(anonymous_2)
DA:4,1
DA:5,1
DA:6,1
DA:7,1
DA:8,1
DA:9,1
DA:10,1
DA:11,1
DA:14,1
DA:15,0
DA:17,1
DA:25,1
DA:27,3
DA:35,2
DA:39,2
DA:42,1
DA:43,2
DA:44,2
DA:48,1
DA:49,1
DA:51,1
LF:21
LH:20
BRDA:9,0,0,1
BRDA:9,0,1,0
BRDA:14,1,0,0
BRDA:14,1,1,1
BRDA:28,2,0,3
BRDA:28,2,1,3
BRDA:28,2,2,2
BRDA:28,2,3,2
BRDA:43,3,0,2
BRDA:43,3,1,0
BRF:10
BRH:7
end_of_record
TN:
SF:models\todo.js
FN:5,(anonymous_0)
FN:12,(anonymous_1)
FN:20,(anonymous_2)
FN:29,(anonymous_3)
FN:33,(anonymous_4)
FN:46,(anonymous_5)
FN:50,(anonymous_6)
FN:60,(anonymous_7)
FN:64,(anonymous_8)
FN:77,(anonymous_9)
FN:90,(anonymous_10)
FNF:11
FNH:2
FNDA:1,(anonymous_0)
FNDA:1,(anonymous_1)
FNDA:0,(anonymous_2)
FNDA:0,(anonymous_3)
FNDA:0,(anonymous_4)
FNDA:0,(anonymous_5)
FNDA:0,(anonymous_6)
FNDA:0,(anonymous_7)
FNDA:0,(anonymous_8)
FNDA:0,(anonymous_9)
FNDA:0,(anonymous_10)
DA:4,1
DA:5,1
DA:14,1
DA:21,0
DA:30,0
DA:34,0
DA:35,0
DA:37,0
DA:47,0
DA:51,0
DA:61,0
DA:65,0
DA:78,0
DA:91,0
DA:104,1
DA:115,1
LF:16
LH:5
BRDA:34,0,0,0
BRDA:34,0,1,0
BRDA:34,1,0,0
BRDA:34,1,1,0
BRF:4
BRH:0
end_of_record
TN:
SF:models\user.js
FN:4,(anonymous_0)
FN:11,(anonymous_1)
FNF:2
FNH:2
FNDA:1,(anonymous_0)
FNDA:1,(anonymous_1)
DA:3,1
DA:4,1
DA:13,1
DA:18,1
DA:30,1
LF:5
LH:5
BRF:0
BRH:0
end_of_record
